<?xml version="1.0" encoding="UTF-8"?>
<robot generator="Robot 3.2.2 (Python 3.6.5 on win32)" generated="20210422 17:44:49.823" rpa="false">
<suite id="s1" name="AccountBank" source="C:\Users\lab1321\Desktop\AccountBank">
<suite id="s1-s1" name="Bookkeeping" source="C:\Users\lab1321\Desktop\AccountBank\Bookkeeping">
<suite id="s1-s1-s1" name="Test" source="C:\Users\lab1321\Desktop\AccountBank\Bookkeeping\test.robot">
<kw name="Open Account Bank" library="commonVariable" type="setup">
<kw name="Open Application" library="AppiumLibrary">
<doc>Opens a new application to given Appium server.
Capabilities of appium server, Android and iOS,
Please check https://github.com/appium/appium/blob/master/docs/en/writing-running-appium/server-args.md
| *Option*            | *Man.* | *Description*     |
| remote_url          | Yes    | Appium server url |
| alias               | no     | alias             |</doc>
<arguments>
<arg>remote_url=${appium_server}</arg>
<arg>platformName=android</arg>
<arg>udid=emulator-5554</arg>
<arg>appPackage=${packageName}</arg>
<arg>appActivity=${appActivity}</arg>
</arguments>
<status status="PASS" starttime="20210422 17:44:50.332" endtime="20210422 17:45:08.309"></status>
</kw>
<status status="PASS" starttime="20210422 17:44:50.332" endtime="20210422 17:45:08.311"></status>
</kw>
<test id="s1-s1-s1-t1" name="Click add new item button">
<kw name="Click Elment After It Is Visible" library="commonVariable">
<arguments>
<arg>${addNewItemButton}</arg>
</arguments>
<kw name="Wait Until Element Is Visible On Page" library="commonVariable">
<arguments>
<arg>${element}</arg>
</arguments>
<kw name="Wait Until Page Contains Element" library="AppiumLibrary">
<doc>Waits until element specified with `locator` appears on current page.</doc>
<arguments>
<arg>${element}</arg>
<arg>timeout=${shortPeriodOfTime}</arg>
<arg>error=Element should be contain.</arg>
</arguments>
<status status="PASS" starttime="20210422 17:45:08.315" endtime="20210422 17:45:13.416"></status>
</kw>
<kw name="Wait Until Element Is Visible" library="AppiumLibrary">
<doc>Waits until element specified with `locator` is visible.</doc>
<arguments>
<arg>${element}</arg>
<arg>timeout=${shortPeriodOfTime}</arg>
<arg>error=Element should be visible.</arg>
</arguments>
<status status="PASS" starttime="20210422 17:45:13.417" endtime="20210422 17:45:13.999"></status>
</kw>
<status status="PASS" starttime="20210422 17:45:08.313" endtime="20210422 17:45:14.000"></status>
</kw>
<kw name="Click Element" library="AppiumLibrary">
<doc>Click element identified by `locator`.</doc>
<arguments>
<arg>${element}</arg>
</arguments>
<msg timestamp="20210422 17:45:14.002" level="INFO">Clicking element 'xpath=//android.widget.FrameLayout/android.widget.LinearLayout/android.widget.FrameLayout/android.widget.FrameLayout/android.widget.FrameLayout/android.widget.FrameLayout/android.view.View/android.view.View/android.view.View/android.view.View/android.view.View[1]/android.view.View/android.view.View/android.widget.ImageView'.</msg>
<status status="PASS" starttime="20210422 17:45:14.000" endtime="20210422 17:45:14.708"></status>
</kw>
<status status="PASS" starttime="20210422 17:45:08.312" endtime="20210422 17:45:14.708"></status>
</kw>
<status status="PASS" starttime="20210422 17:45:08.311" endtime="20210422 17:45:14.708" critical="yes"></status>
</test>
<kw name="Close Application" library="AppiumLibrary" type="teardown">
<doc>Closes the current application and also close webdriver session.</doc>
<status status="PASS" starttime="20210422 17:45:14.709" endtime="20210422 17:45:15.921"></status>
</kw>
<status status="PASS" starttime="20210422 17:44:49.913" endtime="20210422 17:45:15.922"></status>
</suite>
<status status="PASS" starttime="20210422 17:44:49.909" endtime="20210422 17:45:15.925"></status>
</suite>
<status status="PASS" starttime="20210422 17:44:49.885" endtime="20210422 17:45:15.928"></status>
</suite>
<statistics>
<total>
<stat pass="1" fail="0">Critical Tests</stat>
<stat pass="1" fail="0">All Tests</stat>
</total>
<tag>
</tag>
<suite>
<stat pass="1" fail="0" id="s1" name="AccountBank">AccountBank</stat>
<stat pass="1" fail="0" id="s1-s1" name="Bookkeeping">AccountBank.Bookkeeping</stat>
<stat pass="1" fail="0" id="s1-s1-s1" name="Test">AccountBank.Bookkeeping.Test</stat>
</suite>
</statistics>
<errors>
</errors>
</robot>
